-------------------------------------------------------------------------------
Test set: com.tyba.metrocuadrado.test.TestCalcularCreditoHipotecario
-------------------------------------------------------------------------------
Tests run: 2, Failures: 1, Errors: 0, Skipped: 0, Time elapsed: 60.494 s <<< FAILURE! - in com.tyba.metrocuadrado.test.TestCalcularCreditoHipotecario
verificareEstimacionCredito(com.tyba.metrocuadrado.test.TestCalcularCreditoHipotecario)  Time elapsed: 0.83 s  <<< FAILURE!
java.lang.AssertionError: expected [ 2500000] but found [2500000]
	at com.tyba.metrocuadrado.test.TestCalcularCreditoHipotecario.verificareEstimacionCredito(TestCalcularCreditoHipotecario.java:41)

