<?xml version="1.0" encoding="UTF-8"?>
<testsuite xmlns:xsi="http://www.w3.org/2001/XMLSchema-instance" xsi:noNamespaceSchemaLocation="https://maven.apache.org/surefire/maven-surefire-plugin/xsd/surefire-test-report.xsd" name="com.tyba.metrocuadrado.test.TestCalcularCreditoHipotecario" time="60.494" tests="2" errors="0" skipped="0" failures="1">
  <properties>
[...]
</properties>
  <testcase name="calcularCreditoVivienda" classname="com.tyba.metrocuadrado.test.TestCalcularCreditoHipotecario" time="18.708"/>
  <testcase name="verificareEstimacionCredito" classname="com.tyba.metrocuadrado.test.TestCalcularCreditoHipotecario" time="0.83">
    <failure message="expected [ 2500000] but found [2500000]" type="java.lang.AssertionError">java.lang.AssertionError: expected [ 2500000] but found [2500000]
	at com.tyba.metrocuadrado.test.TestCalcularCreditoHipotecario.verificareEstimacionCredito(TestCalcularCreditoHipotecario.java:41)
</failure>
    <system-out><![CDATA[Primero:  2500000
Valores  2500000
]]></system-out>
  </testcase>
</testsuite>