-------------------------------------------------------------------------------
Test set: TestSuite
-------------------------------------------------------------------------------
Tests run: 3, Failures: 1, Errors: 0, Skipped: 1, Time elapsed: 58.812 s <<< FAILURE! - in TestSuite
verificareEstimacionCredito(com.tyba.metrocuadrado.test.TestCalcularCreditoHipotecario)  Time elapsed: 0.973 s  <<< FAILURE!
java.lang.AssertionError: expected [] but found [2500000]
	at com.tyba.metrocuadrado.test.TestCalcularCreditoHipotecario.verificareEstimacionCredito(TestCalcularCreditoHipotecario.java:41)

