<?xml version="1.0" encoding="UTF-8"?>
<!-- Generated by org.testng.reporters.JUnitXMLReporter -->
<testsuite hostname="DESKTOP-QOPOM1B" ignored="0" name="Calcular Credito Hipotecario Metro Cuadrado" tests="3" failures="1" timestamp="08 mar 2020 18:53:14 GMT" time="53.624" errors="0">
  <testcase name="calcularCreditoVivienda" time="18.104" classname="com.tyba.metrocuadrado.test.TestCalcularCreditoHipotecario"/>
  <testcase name="verificareEstimacionCredito" time="0.476" classname="com.tyba.metrocuadrado.test.TestCalcularCreditoHipotecario">
    <skipped/>
  </testcase> <!-- verificareEstimacionCredito -->
  <testcase name="verificareEstimacionCredito" time="0.373" classname="com.tyba.metrocuadrado.test.TestCalcularCreditoHipotecario">
    <failure type="java.lang.AssertionError" message="expected [] but found [2500000]">
      <![CDATA[java.lang.AssertionError: expected [] but found [2500000]
	at com.tyba.metrocuadrado.test.TestCalcularCreditoHipotecario.verificareEstimacionCredito(TestCalcularCreditoHipotecario.java:41)
... Removed 35 stack frames]]>
    </failure>
  </testcase> <!-- verificareEstimacionCredito -->
</testsuite> <!-- Calcular Credito Hipotecario Metro Cuadrado -->
