<?xml version="1.0" encoding="UTF-8"?>
<!-- Generated by org.testng.reporters.JUnitXMLReporter -->
<testsuite hostname="DESKTOP-QOPOM1B" ignored="0" name="Calcular Valor Cuotas Metro Cuadrado" tests="2" failures="1" timestamp="09 mar 2020 12:52:55 GMT" time="44.633" errors="0">
  <testcase name="calcularValorCuotas" time="12.324" classname="com.tyba.metrocuadrado.test.TestCalcularValorCuotas"/>
  <testcase name="verificarEstimacionCredito" time="0.375" classname="com.tyba.metrocuadrado.test.TestCalcularValorCuotas">
    <failure type="java.lang.AssertionError" message="El valor del credito no corresponde al ingresado en la calculadora">
      <![CDATA[java.lang.AssertionError: El valor del credito no corresponde al ingresado en la calculadora
	at com.tyba.metrocuadrado.test.TestCalcularValorCuotas.verificarEstimacionCredito(TestCalcularValorCuotas.java:41)
... Removed 29 stack frames]]>
    </failure>
  </testcase> <!-- verificarEstimacionCredito -->
</testsuite> <!-- Calcular Valor Cuotas Metro Cuadrado -->
